TN:
SF:index.js
FN:10,(anonymous_0)
FNF:1
FNH:1
FNDA:11,(anonymous_0)
DA:3,11
DA:4,11
DA:5,11
DA:6,11
DA:7,11
DA:8,11
DA:10,11
DA:11,11
DA:23,11
DA:24,11
DA:25,11
DA:27,11
DA:28,11
DA:30,11
DA:32,11
DA:33,0
DA:36,11
DA:37,11
DA:39,11
LF:19
LH:18
BRDA:32,0,0,0
BRDA:32,0,1,11
BRF:2
BRH:1
end_of_record
TN:
SF:lib/agent.js
FN:3,setupAgent
FN:4,createOrUpdate
FN:22,findById
FN:26,findByUuid
FN:34,findAll
FN:38,findConnected
FN:46,findByUsername
FNF:7
FNH:7
FNDA:11,setupAgent
FNDA:2,createOrUpdate
FNDA:1,findById
FNDA:1,findByUuid
FNDA:1,findAll
FNDA:1,findConnected
FNDA:1,findByUsername
DA:3,1
DA:5,2
DA:11,2
DA:13,2
DA:14,1
DA:15,1
DA:18,1
DA:19,1
DA:23,1
DA:27,1
DA:35,1
DA:39,1
DA:47,1
DA:55,11
LF:14
LH:14
BRDA:13,0,0,1
BRDA:13,0,1,1
BRDA:15,1,0,1
BRDA:15,1,1,0
BRF:4
BRH:3
end_of_record
TN:
SF:lib/db.js
FN:6,setupDatabase
FNF:1
FNH:1
FNDA:11,setupDatabase
DA:3,1
DA:4,1
DA:6,1
DA:7,11
DA:8,1
DA:11,11
LF:6
LH:6
BRDA:7,0,0,1
BRDA:7,0,1,10
BRF:2
BRH:2
end_of_record
TN:
SF:lib/metric.js
FN:3,setupMetric
FN:4,getByAgenteUuid
FN:21,getByAgenteType
FN:41,create
FNF:4
FNH:3
FNDA:11,setupMetric
FNDA:1,getByAgenteUuid
FNDA:0,getByAgenteType
FNDA:1,create
DA:3,1
DA:5,1
DA:22,0
DA:42,1
DA:46,1
DA:47,1
DA:48,1
DA:49,1
DA:53,11
LF:9
LH:8
BRDA:46,0,0,1
BRDA:46,0,1,0
BRF:2
BRH:1
end_of_record
TN:
SF:models/agent.js
FN:6,setupAgentModel
FNF:1
FNH:0
FNDA:0,setupAgentModel
DA:3,1
DA:4,1
DA:6,1
DA:7,0
DA:9,0
LF:5
LH:3
BRF:0
BRH:0
end_of_record
TN:
SF:models/metric.js
FN:6,setupAgentModel
FNF:1
FNH:0
FNDA:0,setupAgentModel
DA:3,1
DA:4,1
DA:6,1
DA:7,0
DA:9,0
LF:5
LH:3
BRF:0
BRH:0
end_of_record
